<?xml version="1.0" encoding="UTF-8"?>
<!-- Generated by org.testng.reporters.JUnitReportReporter -->
<testsuite skipped="0" hostname="LPCLH-5CD8032ZQW" name="pkgng.testclass" tests="3" failures="0" timestamp="22 Jan 2019 08:06:26 GMT" time="0.016" errors="0">
  <testcase name="tc1" time="0.011" classname="pkgng.testclass"/>
  <testcase name="tc2" time="0.003" classname="pkgng.testclass"/>
  <testcase name="tc3" time="0.002" classname="pkgng.testclass"/>
</testsuite> <!-- pkgng.testclass -->
