<?xml version="1.0" encoding="UTF-8"?>
<!-- Generated by org.testng.reporters.JUnitReportReporter -->
<testsuite skipped="1" hostname="LPCLH-5CD8032ZQW" name="pkgng.class4" tests="1" failures="0" timestamp="21 Jan 2019 16:08:28 GMT" time="0.000" errors="0">
  <testcase name="login" time="0.000" classname="pkgng.class4">
    <skipped/>
  </testcase> <!-- login -->
</testsuite> <!-- pkgng.class4 -->
