<?xml version="1.0" encoding="UTF-8"?>
<!-- Generated by org.testng.reporters.JUnitReportReporter -->
<testsuite skipped="0" hostname="LPCLH-5CD8032ZQW" name="pkgng.class1" tests="1" failures="0" timestamp="15 Feb 2019 09:44:04 GMT" time="0.100" errors="0">
  <testcase name="trending" time="0.100" classname="pkgng.class1"/>
</testsuite> <!-- pkgng.class1 -->
