<?xml version="1.0" encoding="UTF-8"?>
<!-- Generated by org.testng.reporters.JUnitReportReporter -->
<testsuite skipped="1" hostname="LPCLH-5CD8032ZQW" name="pkgng.class2" tests="1" failures="0" timestamp="21 Jan 2019 16:39:00 GMT" time="0.000" errors="0">
  <testcase name="subs" time="0.000" classname="pkgng.class2">
    <skipped/>
  </testcase> <!-- subs -->
</testsuite> <!-- pkgng.class2 -->
