<?xml version="1.0" encoding="UTF-8"?>
<!-- Generated by org.testng.reporters.JUnitReportReporter -->
<testsuite skipped="0" hostname="LPCLH-5CD8032ZQW" name="pkgng.class3" tests="1" failures="0" timestamp="21 Jan 2019 16:45:46 GMT" time="40.205" errors="0">
  <testcase name="play" time="40.205" classname="pkgng.class3"/>
</testsuite> <!-- pkgng.class3 -->
