<?xml version="1.0" encoding="UTF-8"?>
<!-- Generated by org.testng.reporters.JUnitReportReporter -->
<testsuite skipped="0" hostname="LPCLH-5CD8032ZQW" name="pkgng.testclass2" tests="1" failures="0" timestamp="22 Jan 2019 08:06:26 GMT" time="0.001" errors="0">
  <testcase name="test1" time="0.001" classname="pkgng.testclass2"/>
</testsuite> <!-- pkgng.testclass2 -->
